<?xml version="1.0" encoding="UTF-8"?>
<!-- Generated by org.testng.reporters.JUnitXMLReporter -->
<testsuite ignored="0" hostname="Viveks-Air" failures="1" tests="1" name="Surefire test" time="7.797" errors="0" timestamp="2024-09-16T13:09:11 CEST">
  <testcase classname="com.ae.testSuite.UserSignUpTest" name="test00ValidateHomePageDisplayedAndNaviageteToSignUpPage" time="0.0">
    <failure type="java.lang.RuntimeException" message="java.lang.IllegalStateException: Cannot get a STRING value from a NUMERIC cell">
      <![CDATA[java.lang.RuntimeException: java.lang.IllegalStateException: Cannot get a STRING value from a NUMERIC cell
at java.base/java.util.ArrayList.forEach(ArrayList.java:1597)
Caused by: java.lang.IllegalStateException: Cannot get a STRING value from a NUMERIC cell
at org.apache.poi.xssf.usermodel.XSSFCell.typeMismatch(XSSFCell.java:946)
at org.apache.poi.xssf.usermodel.XSSFCell.getRichStringCellValue(XSSFCell.java:336)
at org.apache.poi.xssf.usermodel.XSSFCell.getStringCellValue(XSSFCell.java:280)
at com.ae.base.TestBase.readFromExcel(TestBase.java:65)
at com.ae.utility.InputTestData.Signup(InputTestData.java:15)
... 30 more
... Removed 35 stack frames]]>
    </failure>
  </testcase> <!-- test00ValidateHomePageDisplayedAndNaviageteToSignUpPage -->
</testsuite> <!-- Surefire test -->
