<?xml version="1.0" encoding="UTF-8"?>
<!-- Generated by org.testng.reporters.JUnitXMLReporter -->
<testsuite ignored="0" hostname="Viveks-Air" failures="0" tests="3" name="Default test" time="75.669" errors="0" timestamp="2024-09-16T16:41:49 CEST">
  <testcase classname="com.ae.testSuite.UserSignUpTest" name="test00ValidateHomePageDisplayedAndNaviageteToSignUpPage" time="19.951"/>
  <testcase classname="com.ae.testSuite.UserSignUpTest" name="test01ValidateSignUpPageAndSignUpWithCorrectData" time="14.467"/>
  <testcase classname="com.ae.testSuite.UserSignUpTest" name="test02FillTheDataAndClickSignUp" time="31.005"/>
</testsuite> <!-- Default test -->
